TN:
SF:src/aux/parser.js
FN:4,(anonymous_0)
FN:5,(anonymous_1)
FN:10,(anonymous_2)
FNF:3
FNH:0
FNDA:0,(anonymous_0)
FNDA:0,(anonymous_1)
FNDA:0,(anonymous_2)
DA:2,0
DA:5,0
DA:7,0
DA:8,0
DA:10,0
DA:11,0
DA:12,0
DA:14,0
DA:15,0
DA:18,0
LF:10
LH:0
BRDA:11,0,0,0
BRDA:11,0,1,0
BRF:2
BRH:0
end_of_record
TN:
SF:src/db/data.js
FN:8,(anonymous_0)
FN:10,(anonymous_1)
FN:17,(anonymous_2)
FN:23,(anonymous_3)
FN:29,(anonymous_4)
FN:31,(anonymous_5)
FN:73,(anonymous_6)
FN:76,(anonymous_7)
FN:84,(anonymous_8)
FN:87,(anonymous_9)
FN:111,(anonymous_10)
FN:114,(anonymous_11)
FN:123,(anonymous_12)
FN:126,(anonymous_13)
FN:138,(anonymous_14)
FN:140,(anonymous_15)
FN:175,(anonymous_16)
FN:178,(anonymous_17)
FN:186,(anonymous_18)
FN:189,(anonymous_19)
FN:196,(anonymous_20)
FN:198,(anonymous_21)
FN:239,(anonymous_22)
FN:242,(anonymous_23)
FN:263,(anonymous_24)
FN:266,(anonymous_25)
FN:278,(anonymous_26)
FN:279,(anonymous_27)
FN:309,(anonymous_28)
FN:312,(anonymous_29)
FN:318,(anonymous_30)
FN:320,(anonymous_31)
FN:348,(anonymous_32)
FN:351,(anonymous_33)
FNF:34
FNH:0
FNDA:0,(anonymous_0)
FNDA:0,(anonymous_1)
FNDA:0,(anonymous_2)
FNDA:0,(anonymous_3)
FNDA:0,(anonymous_4)
FNDA:0,(anonymous_5)
FNDA:0,(anonymous_6)
FNDA:0,(anonymous_7)
FNDA:0,(anonymous_8)
FNDA:0,(anonymous_9)
FNDA:0,(anonymous_10)
FNDA:0,(anonymous_11)
FNDA:0,(anonymous_12)
FNDA:0,(anonymous_13)
FNDA:0,(anonymous_14)
FNDA:0,(anonymous_15)
FNDA:0,(anonymous_16)
FNDA:0,(anonymous_17)
FNDA:0,(anonymous_18)
FNDA:0,(anonymous_19)
FNDA:0,(anonymous_20)
FNDA:0,(anonymous_21)
FNDA:0,(anonymous_22)
FNDA:0,(anonymous_23)
FNDA:0,(anonymous_24)
FNDA:0,(anonymous_25)
FNDA:0,(anonymous_26)
FNDA:0,(anonymous_27)
FNDA:0,(anonymous_28)
FNDA:0,(anonymous_29)
FNDA:0,(anonymous_30)
FNDA:0,(anonymous_31)
FNDA:0,(anonymous_32)
FNDA:0,(anonymous_33)
DA:1,0
DA:2,0
DA:6,0
DA:10,0
DA:12,0
DA:13,0
DA:14,0
DA:16,0
DA:18,0
DA:19,0
DA:21,0
DA:24,0
DA:31,0
DA:33,0
DA:35,0
DA:37,0
DA:38,0
DA:40,0
DA:43,0
DA:47,0
DA:49,0
DA:51,0
DA:53,0
DA:54,0
DA:55,0
DA:57,0
DA:63,0
DA:64,0
DA:66,0
DA:68,0
DA:69,0
DA:70,0
DA:71,0
DA:72,0
DA:74,0
DA:77,0
DA:80,0
DA:83,0
DA:85,0
DA:88,0
DA:93,0
DA:98,0
DA:99,0
DA:101,0
DA:102,0
DA:104,0
DA:106,0
DA:107,0
DA:108,0
DA:109,0
DA:110,0
DA:112,0
DA:115,0
DA:118,0
DA:122,0
DA:124,0
DA:127,0
DA:131,0
DA:140,0
DA:142,0
DA:143,0
DA:145,0
DA:151,0
DA:152,0
DA:153,0
DA:158,0
DA:159,0
DA:160,0
DA:163,0
DA:164,0
DA:167,0
DA:171,0
DA:172,0
DA:173,0
DA:174,0
DA:176,0
DA:179,0
DA:182,0
DA:185,0
DA:187,0
DA:190,0
DA:198,0
DA:200,0
DA:202,0
DA:204,0
DA:205,0
DA:207,0
DA:210,0
DA:214,0
DA:215,0
DA:216,0
DA:220,0
DA:222,0
DA:223,0
DA:224,0
DA:226,0
DA:231,0
DA:232,0
DA:234,0
DA:236,0
DA:237,0
DA:238,0
DA:240,0
DA:243,0
DA:247,0
DA:252,0
DA:253,0
DA:255,0
DA:256,0
DA:258,0
DA:260,0
DA:261,0
DA:262,0
DA:264,0
DA:267,0
DA:270,0
DA:279,0
DA:280,0
DA:281,0
DA:283,0
DA:290,0
DA:291,0
DA:292,0
DA:295,0
DA:296,0
DA:297,0
DA:300,0
DA:301,0
DA:304,0
DA:308,0
DA:310,0
DA:313,0
DA:320,0
DA:322,0
DA:323,0
DA:324,0
DA:328,0
DA:329,0
DA:331,0
DA:332,0
DA:333,0
DA:335,0
DA:340,0
DA:341,0
DA:343,0
DA:345,0
DA:346,0
DA:347,0
DA:349,0
DA:352,0
DA:357,0
DA:358,0
DA:360,0
DA:361,0
DA:363,0
DA:365,0
DA:366,0
DA:367,0
DA:371,0
LF:159
LH:0
BRDA:18,0,0,0
BRDA:18,0,1,0
BRDA:33,1,0,0
BRDA:33,1,1,0
BRDA:49,2,0,0
BRDA:49,2,1,0
BRDA:53,3,0,0
BRDA:53,3,1,0
BRDA:57,4,0,0
BRDA:57,4,1,0
BRDA:63,5,0,0
BRDA:63,5,1,0
BRDA:69,6,0,0
BRDA:69,6,1,0
BRDA:99,7,0,0
BRDA:99,7,1,0
BRDA:101,8,0,0
BRDA:101,8,1,0
BRDA:107,9,0,0
BRDA:107,9,1,0
BRDA:142,10,0,0
BRDA:142,10,1,0
BRDA:142,11,0,0
BRDA:142,11,1,0
BRDA:152,12,0,0
BRDA:152,12,1,0
BRDA:159,13,0,0
BRDA:159,13,1,0
BRDA:163,14,0,0
BRDA:163,14,1,0
BRDA:172,15,0,0
BRDA:172,15,1,0
BRDA:200,16,0,0
BRDA:200,16,1,0
BRDA:215,17,0,0
BRDA:215,17,1,0
BRDA:222,18,0,0
BRDA:222,18,1,0
BRDA:226,19,0,0
BRDA:226,19,1,0
BRDA:231,20,0,0
BRDA:231,20,1,0
BRDA:253,21,0,0
BRDA:253,21,1,0
BRDA:255,22,0,0
BRDA:255,22,1,0
BRDA:280,23,0,0
BRDA:280,23,1,0
BRDA:280,24,0,0
BRDA:280,24,1,0
BRDA:291,25,0,0
BRDA:291,25,1,0
BRDA:296,26,0,0
BRDA:296,26,1,0
BRDA:300,27,0,0
BRDA:300,27,1,0
BRDA:323,28,0,0
BRDA:323,28,1,0
BRDA:331,29,0,0
BRDA:331,29,1,0
BRDA:335,30,0,0
BRDA:335,30,1,0
BRDA:340,31,0,0
BRDA:340,31,1,0
BRDA:358,32,0,0
BRDA:358,32,1,0
BRDA:360,33,0,0
BRDA:360,33,1,0
BRF:68
BRH:0
end_of_record
TN:
SF:src/db/db.js
FN:6,(anonymous_0)
FN:16,(anonymous_1)
FN:21,(anonymous_2)
FN:22,(anonymous_3)
FN:31,(anonymous_4)
FN:32,(anonymous_5)
FN:37,(anonymous_6)
FN:38,(anonymous_7)
FN:44,(anonymous_8)
FN:54,(anonymous_9)
FN:59,(anonymous_10)
FN:65,(anonymous_11)
FN:66,(anonymous_12)
FN:68,(anonymous_13)
FN:71,(anonymous_14)
FN:80,(anonymous_15)
FN:82,(anonymous_16)
FN:83,(anonymous_17)
FN:92,(anonymous_18)
FN:100,(anonymous_19)
FN:109,(anonymous_20)
FN:111,(anonymous_21)
FN:112,(anonymous_22)
FN:121,(anonymous_23)
FN:129,(anonymous_24)
FN:138,(anonymous_25)
FN:148,(anonymous_26)
FN:150,(anonymous_27)
FN:151,(anonymous_28)
FN:160,(anonymous_29)
FN:174,(anonymous_30)
FN:181,(anonymous_31)
FN:185,(anonymous_32)
FN:188,(anonymous_33)
FN:200,(anonymous_34)
FN:202,(anonymous_35)
FN:203,(anonymous_36)
FN:221,(anonymous_37)
FN:228,(anonymous_38)
FN:237,(anonymous_39)
FN:239,(anonymous_40)
FN:241,(anonymous_41)
FN:259,(anonymous_42)
FN:268,(anonymous_43)
FN:270,(anonymous_44)
FN:272,(anonymous_45)
FN:277,(anonymous_46)
FN:286,(anonymous_47)
FN:288,(anonymous_48)
FN:290,(anonymous_49)
FN:312,(anonymous_50)
FN:321,(anonymous_51)
FN:323,(anonymous_52)
FN:325,(anonymous_53)
FN:331,(anonymous_54)
FN:344,(anonymous_55)
FN:346,(anonymous_56)
FN:348,(anonymous_57)
FN:354,(anonymous_58)
FN:367,(anonymous_59)
FN:369,(anonymous_60)
FN:371,(anonymous_61)
FN:378,(anonymous_62)
FNF:63
FNH:0
FNDA:0,(anonymous_0)
FNDA:0,(anonymous_1)
FNDA:0,(anonymous_2)
FNDA:0,(anonymous_3)
FNDA:0,(anonymous_4)
FNDA:0,(anonymous_5)
FNDA:0,(anonymous_6)
FNDA:0,(anonymous_7)
FNDA:0,(anonymous_8)
FNDA:0,(anonymous_9)
FNDA:0,(anonymous_10)
FNDA:0,(anonymous_11)
FNDA:0,(anonymous_12)
FNDA:0,(anonymous_13)
FNDA:0,(anonymous_14)
FNDA:0,(anonymous_15)
FNDA:0,(anonymous_16)
FNDA:0,(anonymous_17)
FNDA:0,(anonymous_18)
FNDA:0,(anonymous_19)
FNDA:0,(anonymous_20)
FNDA:0,(anonymous_21)
FNDA:0,(anonymous_22)
FNDA:0,(anonymous_23)
FNDA:0,(anonymous_24)
FNDA:0,(anonymous_25)
FNDA:0,(anonymous_26)
FNDA:0,(anonymous_27)
FNDA:0,(anonymous_28)
FNDA:0,(anonymous_29)
FNDA:0,(anonymous_30)
FNDA:0,(anonymous_31)
FNDA:0,(anonymous_32)
FNDA:0,(anonymous_33)
FNDA:0,(anonymous_34)
FNDA:0,(anonymous_35)
FNDA:0,(anonymous_36)
FNDA:0,(anonymous_37)
FNDA:0,(anonymous_38)
FNDA:0,(anonymous_39)
FNDA:0,(anonymous_40)
FNDA:0,(anonymous_41)
FNDA:0,(anonymous_42)
FNDA:0,(anonymous_43)
FNDA:0,(anonymous_44)
FNDA:0,(anonymous_45)
FNDA:0,(anonymous_46)
FNDA:0,(anonymous_47)
FNDA:0,(anonymous_48)
FNDA:0,(anonymous_49)
FNDA:0,(anonymous_50)
FNDA:0,(anonymous_51)
FNDA:0,(anonymous_52)
FNDA:0,(anonymous_53)
FNDA:0,(anonymous_54)
FNDA:0,(anonymous_55)
FNDA:0,(anonymous_56)
FNDA:0,(anonymous_57)
FNDA:0,(anonymous_58)
FNDA:0,(anonymous_59)
FNDA:0,(anonymous_60)
FNDA:0,(anonymous_61)
FNDA:0,(anonymous_62)
DA:1,0
DA:5,0
DA:7,0
DA:16,0
DA:17,0
DA:18,0
DA:19,0
DA:21,0
DA:22,0
DA:23,0
DA:24,0
DA:26,0
DA:32,0
DA:33,0
DA:38,0
DA:39,0
DA:45,0
DA:54,0
DA:55,0
DA:60,0
DA:61,0
DA:66,0
DA:68,0
DA:69,0
DA:71,0
DA:72,0
DA:73,0
DA:74,0
DA:82,0
DA:83,0
DA:84,0
DA:86,0
DA:87,0
DA:89,0
DA:90,0
DA:91,0
DA:92,0
DA:93,0
DA:95,0
DA:97,0
DA:98,0
DA:100,0
DA:101,0
DA:102,0
DA:103,0
DA:111,0
DA:112,0
DA:113,0
DA:115,0
DA:116,0
DA:118,0
DA:119,0
DA:120,0
DA:121,0
DA:123,0
DA:126,0
DA:127,0
DA:128,0
DA:129,0
DA:130,0
DA:132,0
DA:135,0
DA:136,0
DA:138,0
DA:139,0
DA:140,0
DA:141,0
DA:150,0
DA:151,0
DA:152,0
DA:154,0
DA:155,0
DA:157,0
DA:158,0
DA:159,0
DA:160,0
DA:161,0
DA:162,0
DA:163,0
DA:164,0
DA:168,0
DA:171,0
DA:172,0
DA:173,0
DA:174,0
DA:175,0
DA:177,0
DA:180,0
DA:181,0
DA:182,0
DA:183,0
DA:184,0
DA:186,0
DA:189,0
DA:192,0
DA:193,0
DA:202,0
DA:203,0
DA:204,0
DA:206,0
DA:207,0
DA:209,0
DA:210,0
DA:211,0
DA:212,0
DA:213,0
DA:215,0
DA:218,0
DA:219,0
DA:220,0
DA:221,0
DA:222,0
DA:224,0
DA:227,0
DA:228,0
DA:229,0
DA:230,0
DA:231,0
DA:239,0
DA:241,0
DA:242,0
DA:244,0
DA:245,0
DA:246,0
DA:247,0
DA:248,0
DA:249,0
DA:250,0
DA:251,0
DA:252,0
DA:254,0
DA:256,0
DA:259,0
DA:260,0
DA:261,0
DA:262,0
DA:270,0
DA:272,0
DA:273,0
DA:275,0
DA:277,0
DA:278,0
DA:279,0
DA:280,0
DA:288,0
DA:290,0
DA:291,0
DA:293,0
DA:294,0
DA:295,0
DA:296,0
DA:297,0
DA:298,0
DA:299,0
DA:300,0
DA:301,0
DA:302,0
DA:304,0
DA:305,0
DA:307,0
DA:309,0
DA:312,0
DA:313,0
DA:314,0
DA:315,0
DA:323,0
DA:325,0
DA:326,0
DA:328,0
DA:329,0
DA:330,0
DA:331,0
DA:332,0
DA:333,0
DA:335,0
DA:336,0
DA:337,0
DA:346,0
DA:348,0
DA:349,0
DA:351,0
DA:352,0
DA:353,0
DA:354,0
DA:355,0
DA:356,0
DA:358,0
DA:359,0
DA:360,0
DA:369,0
DA:371,0
DA:372,0
DA:374,0
DA:375,0
DA:377,0
DA:378,0
DA:379,0
DA:380,0
DA:382,0
DA:383,0
DA:384,0
LF:201
LH:0
BRDA:17,0,0,0
BRDA:17,0,1,0
BRDA:39,1,0,0
BRDA:39,1,1,0
BRDA:60,2,0,0
BRDA:60,2,1,0
BRDA:69,3,0,0
BRDA:69,3,1,0
BRDA:73,4,0,0
BRDA:73,4,1,0
BRDA:84,5,0,0
BRDA:84,5,1,0
BRDA:89,6,0,0
BRDA:89,6,1,0
BRDA:102,7,0,0
BRDA:102,7,1,0
BRDA:113,8,0,0
BRDA:113,8,1,0
BRDA:118,9,0,0
BRDA:118,9,1,0
BRDA:126,10,0,0
BRDA:126,10,1,0
BRDA:140,11,0,0
BRDA:140,11,1,0
BRDA:152,12,0,0
BRDA:152,12,1,0
BRDA:157,13,0,0
BRDA:157,13,1,0
BRDA:163,14,0,0
BRDA:163,14,1,0
BRDA:171,15,0,0
BRDA:171,15,1,0
BRDA:183,16,0,0
BRDA:183,16,1,0
BRDA:183,17,0,0
BRDA:183,17,1,0
BRDA:192,18,0,0
BRDA:192,18,1,0
BRDA:204,19,0,0
BRDA:204,19,1,0
BRDA:209,20,0,0
BRDA:209,20,1,0
BRDA:218,21,0,0
BRDA:218,21,1,0
BRDA:230,22,0,0
BRDA:230,22,1,0
BRDA:242,23,0,0
BRDA:242,23,1,0
BRDA:245,24,0,0
BRDA:245,24,1,0
BRDA:249,25,0,0
BRDA:249,25,1,0
BRDA:261,26,0,0
BRDA:261,26,1,0
BRDA:273,27,0,0
BRDA:273,27,1,0
BRDA:279,28,0,0
BRDA:279,28,1,0
BRDA:291,29,0,0
BRDA:291,29,1,0
BRDA:294,30,0,0
BRDA:294,30,1,0
BRDA:299,31,0,0
BRDA:299,31,1,0
BRDA:301,32,0,0
BRDA:301,32,1,0
BRDA:314,33,0,0
BRDA:314,33,1,0
BRDA:326,34,0,0
BRDA:326,34,1,0
BRDA:333,35,0,0
BRDA:333,35,1,0
BRDA:335,36,0,0
BRDA:335,36,1,0
BRDA:349,37,0,0
BRDA:349,37,1,0
BRDA:356,38,0,0
BRDA:356,38,1,0
BRDA:358,39,0,0
BRDA:358,39,1,0
BRDA:372,40,0,0
BRDA:372,40,1,0
BRDA:380,41,0,0
BRDA:380,41,1,0
BRDA:382,42,0,0
BRDA:382,42,1,0
BRDA:382,43,0,0
BRDA:382,43,1,0
BRDA:382,43,2,0
BRF:89
BRH:0
end_of_record
TN:
SF:src/db/device.js
FN:6,(anonymous_0)
FN:7,(anonymous_1)
FN:14,(anonymous_2)
FN:20,(anonymous_3)
FN:27,(anonymous_4)
FN:28,(anonymous_5)
FN:35,(anonymous_6)
FN:41,(anonymous_7)
FN:48,(anonymous_8)
FN:49,(anonymous_9)
FN:56,(anonymous_10)
FN:62,(anonymous_11)
FN:69,(anonymous_12)
FN:70,(anonymous_13)
FN:77,(anonymous_14)
FN:83,(anonymous_15)
FN:90,(anonymous_16)
FN:91,(anonymous_17)
FN:98,(anonymous_18)
FN:104,(anonymous_19)
FN:111,(anonymous_20)
FN:112,(anonymous_21)
FN:119,(anonymous_22)
FN:125,(anonymous_23)
FN:132,(anonymous_24)
FN:134,(anonymous_25)
FN:140,(anonymous_26)
FN:143,(anonymous_27)
FN:149,(anonymous_28)
FN:150,(anonymous_29)
FN:163,(anonymous_30)
FN:166,(anonymous_31)
FN:172,(anonymous_32)
FN:174,(anonymous_33)
FN:187,(anonymous_34)
FN:190,(anonymous_35)
FN:198,(anonymous_36)
FN:199,(anonymous_37)
FN:211,(anonymous_38)
FN:214,(anonymous_39)
FN:220,(anonymous_40)
FN:221,(anonymous_41)
FN:256,(anonymous_42)
FN:258,(anonymous_43)
FN:265,(anonymous_44)
FN:271,(anonymous_45)
FN:277,(anonymous_46)
FN:279,(anonymous_47)
FN:292,(anonymous_48)
FN:295,(anonymous_49)
FN:302,(anonymous_50)
FN:304,(anonymous_51)
FN:311,(anonymous_52)
FN:317,(anonymous_53)
FN:323,(anonymous_54)
FN:325,(anonymous_55)
FN:338,(anonymous_56)
FN:341,(anonymous_57)
FN:348,(anonymous_58)
FN:350,(anonymous_59)
FN:357,(anonymous_60)
FN:363,(anonymous_61)
FN:370,(anonymous_62)
FN:371,(anonymous_63)
FN:382,(anonymous_64)
FN:385,(anonymous_65)
FNF:66
FNH:0
FNDA:0,(anonymous_0)
FNDA:0,(anonymous_1)
FNDA:0,(anonymous_2)
FNDA:0,(anonymous_3)
FNDA:0,(anonymous_4)
FNDA:0,(anonymous_5)
FNDA:0,(anonymous_6)
FNDA:0,(anonymous_7)
FNDA:0,(anonymous_8)
FNDA:0,(anonymous_9)
FNDA:0,(anonymous_10)
FNDA:0,(anonymous_11)
FNDA:0,(anonymous_12)
FNDA:0,(anonymous_13)
FNDA:0,(anonymous_14)
FNDA:0,(anonymous_15)
FNDA:0,(anonymous_16)
FNDA:0,(anonymous_17)
FNDA:0,(anonymous_18)
FNDA:0,(anonymous_19)
FNDA:0,(anonymous_20)
FNDA:0,(anonymous_21)
FNDA:0,(anonymous_22)
FNDA:0,(anonymous_23)
FNDA:0,(anonymous_24)
FNDA:0,(anonymous_25)
FNDA:0,(anonymous_26)
FNDA:0,(anonymous_27)
FNDA:0,(anonymous_28)
FNDA:0,(anonymous_29)
FNDA:0,(anonymous_30)
FNDA:0,(anonymous_31)
FNDA:0,(anonymous_32)
FNDA:0,(anonymous_33)
FNDA:0,(anonymous_34)
FNDA:0,(anonymous_35)
FNDA:0,(anonymous_36)
FNDA:0,(anonymous_37)
FNDA:0,(anonymous_38)
FNDA:0,(anonymous_39)
FNDA:0,(anonymous_40)
FNDA:0,(anonymous_41)
FNDA:0,(anonymous_42)
FNDA:0,(anonymous_43)
FNDA:0,(anonymous_44)
FNDA:0,(anonymous_45)
FNDA:0,(anonymous_46)
FNDA:0,(anonymous_47)
FNDA:0,(anonymous_48)
FNDA:0,(anonymous_49)
FNDA:0,(anonymous_50)
FNDA:0,(anonymous_51)
FNDA:0,(anonymous_52)
FNDA:0,(anonymous_53)
FNDA:0,(anonymous_54)
FNDA:0,(anonymous_55)
FNDA:0,(anonymous_56)
FNDA:0,(anonymous_57)
FNDA:0,(anonymous_58)
FNDA:0,(anonymous_59)
FNDA:0,(anonymous_60)
FNDA:0,(anonymous_61)
FNDA:0,(anonymous_62)
FNDA:0,(anonymous_63)
FNDA:0,(anonymous_64)
FNDA:0,(anonymous_65)
DA:1,0
DA:2,0
DA:4,0
DA:7,0
DA:9,0
DA:10,0
DA:11,0
DA:13,0
DA:15,0
DA:16,0
DA:18,0
DA:21,0
DA:22,0
DA:28,0
DA:30,0
DA:31,0
DA:32,0
DA:34,0
DA:36,0
DA:37,0
DA:39,0
DA:42,0
DA:43,0
DA:49,0
DA:51,0
DA:52,0
DA:53,0
DA:55,0
DA:57,0
DA:58,0
DA:60,0
DA:63,0
DA:64,0
DA:70,0
DA:72,0
DA:73,0
DA:74,0
DA:76,0
DA:78,0
DA:79,0
DA:81,0
DA:84,0
DA:85,0
DA:91,0
DA:93,0
DA:94,0
DA:95,0
DA:97,0
DA:99,0
DA:100,0
DA:102,0
DA:105,0
DA:106,0
DA:112,0
DA:114,0
DA:115,0
DA:116,0
DA:118,0
DA:120,0
DA:121,0
DA:123,0
DA:126,0
DA:127,0
DA:134,0
DA:135,0
DA:136,0
DA:137,0
DA:139,0
DA:141,0
DA:144,0
DA:150,0
DA:152,0
DA:156,0
DA:158,0
DA:162,0
DA:164,0
DA:167,0
DA:174,0
DA:176,0
DA:178,0
DA:179,0
DA:181,0
DA:183,0
DA:186,0
DA:188,0
DA:191,0
DA:199,0
DA:201,0
DA:202,0
DA:207,0
DA:208,0
DA:210,0
DA:212,0
DA:215,0
DA:221,0
DA:223,0
DA:224,0
DA:225,0
DA:227,0
DA:228,0
DA:230,0
DA:231,0
DA:232,0
DA:233,0
DA:236,0
DA:237,0
DA:242,0
DA:243,0
DA:245,0
DA:247,0
DA:250,0
DA:258,0
DA:260,0
DA:261,0
DA:262,0
DA:264,0
DA:266,0
DA:267,0
DA:269,0
DA:272,0
DA:279,0
DA:280,0
DA:285,0
DA:289,0
DA:291,0
DA:293,0
DA:296,0
DA:304,0
DA:306,0
DA:307,0
DA:308,0
DA:310,0
DA:312,0
DA:313,0
DA:315,0
DA:318,0
DA:325,0
DA:326,0
DA:331,0
DA:335,0
DA:337,0
DA:339,0
DA:342,0
DA:350,0
DA:352,0
DA:353,0
DA:354,0
DA:356,0
DA:358,0
DA:359,0
DA:361,0
DA:364,0
DA:371,0
DA:372,0
DA:377,0
DA:381,0
DA:383,0
DA:386,0
LF:158
LH:0
BRDA:15,0,0,0
BRDA:15,0,1,0
BRDA:36,1,0,0
BRDA:36,1,1,0
BRDA:57,2,0,0
BRDA:57,2,1,0
BRDA:78,3,0,0
BRDA:78,3,1,0
BRDA:99,4,0,0
BRDA:99,4,1,0
BRDA:120,5,0,0
BRDA:120,5,1,0
BRDA:178,6,0,0
BRDA:178,6,1,0
BRDA:178,7,0,0
BRDA:178,7,1,0
BRDA:230,8,0,0
BRDA:230,8,1,0
BRDA:232,9,0,0
BRDA:232,9,1,0
BRDA:266,10,0,0
BRDA:266,10,1,0
BRDA:312,11,0,0
BRDA:312,11,1,0
BRDA:358,12,0,0
BRDA:358,12,1,0
BRF:26
BRH:0
end_of_record
TN:
SF:src/db/firmware.js
FN:6,(anonymous_0)
FN:7,(anonymous_1)
FN:18,(anonymous_2)
FN:24,(anonymous_3)
FN:31,(anonymous_4)
FN:33,(anonymous_5)
FN:47,(anonymous_6)
FN:53,(anonymous_7)
FN:60,(anonymous_8)
FN:62,(anonymous_9)
FN:76,(anonymous_10)
FN:82,(anonymous_11)
FNF:12
FNH:0
FNDA:0,(anonymous_0)
FNDA:0,(anonymous_1)
FNDA:0,(anonymous_2)
FNDA:0,(anonymous_3)
FNDA:0,(anonymous_4)
FNDA:0,(anonymous_5)
FNDA:0,(anonymous_6)
FNDA:0,(anonymous_7)
FNDA:0,(anonymous_8)
FNDA:0,(anonymous_9)
FNDA:0,(anonymous_10)
FNDA:0,(anonymous_11)
DA:1,0
DA:2,0
DA:4,0
DA:7,0
DA:9,0
DA:10,0
DA:12,0
DA:13,0
DA:15,0
DA:17,0
DA:19,0
DA:20,0
DA:22,0
DA:25,0
DA:26,0
DA:33,0
DA:35,0
DA:36,0
DA:38,0
DA:42,0
DA:44,0
DA:46,0
DA:48,0
DA:49,0
DA:51,0
DA:54,0
DA:55,0
DA:62,0
DA:64,0
DA:65,0
DA:67,0
DA:71,0
DA:73,0
DA:75,0
DA:77,0
DA:78,0
DA:80,0
DA:83,0
DA:84,0
LF:39
LH:0
BRDA:19,0,0,0
BRDA:19,0,1,0
BRDA:48,1,0,0
BRDA:48,1,1,0
BRDA:77,2,0,0
BRDA:77,2,1,0
BRF:6
BRH:0
end_of_record
TN:
SF:src/db/fota.js
FN:6,(anonymous_0)
FN:8,(anonymous_1)
FN:28,(anonymous_2)
FN:34,(anonymous_3)
FN:40,(anonymous_4)
FN:42,(anonymous_5)
FN:49,(anonymous_6)
FN:55,(anonymous_7)
FN:61,(anonymous_8)
FN:63,(anonymous_9)
FN:73,(anonymous_10)
FN:76,(anonymous_11)
FN:83,(anonymous_12)
FN:85,(anonymous_13)
FN:95,(anonymous_14)
FN:98,(anonymous_15)
FN:109,(anonymous_16)
FN:112,(anonymous_17)
FN:120,(anonymous_18)
FN:122,(anonymous_19)
FN:136,(anonymous_20)
FN:142,(anonymous_21)
FN:148,(anonymous_22)
FN:150,(anonymous_23)
FN:162,(anonymous_24)
FN:168,(anonymous_25)
FN:174,(anonymous_26)
FN:176,(anonymous_27)
FN:184,(anonymous_28)
FN:187,(anonymous_29)
FN:194,(anonymous_30)
FN:196,(anonymous_31)
FN:209,(anonymous_32)
FN:212,(anonymous_33)
FNF:34
FNH:0
FNDA:0,(anonymous_0)
FNDA:0,(anonymous_1)
FNDA:0,(anonymous_2)
FNDA:0,(anonymous_3)
FNDA:0,(anonymous_4)
FNDA:0,(anonymous_5)
FNDA:0,(anonymous_6)
FNDA:0,(anonymous_7)
FNDA:0,(anonymous_8)
FNDA:0,(anonymous_9)
FNDA:0,(anonymous_10)
FNDA:0,(anonymous_11)
FNDA:0,(anonymous_12)
FNDA:0,(anonymous_13)
FNDA:0,(anonymous_14)
FNDA:0,(anonymous_15)
FNDA:0,(anonymous_16)
FNDA:0,(anonymous_17)
FNDA:0,(anonymous_18)
FNDA:0,(anonymous_19)
FNDA:0,(anonymous_20)
FNDA:0,(anonymous_21)
FNDA:0,(anonymous_22)
FNDA:0,(anonymous_23)
FNDA:0,(anonymous_24)
FNDA:0,(anonymous_25)
FNDA:0,(anonymous_26)
FNDA:0,(anonymous_27)
FNDA:0,(anonymous_28)
FNDA:0,(anonymous_29)
FNDA:0,(anonymous_30)
FNDA:0,(anonymous_31)
FNDA:0,(anonymous_32)
FNDA:0,(anonymous_33)
DA:1,0
DA:2,0
DA:4,0
DA:8,0
DA:10,0
DA:17,0
DA:25,0
DA:27,0
DA:29,0
DA:30,0
DA:32,0
DA:35,0
DA:42,0
DA:44,0
DA:45,0
DA:46,0
DA:48,0
DA:50,0
DA:51,0
DA:53,0
DA:56,0
DA:63,0
DA:65,0
DA:69,0
DA:70,0
DA:72,0
DA:74,0
DA:77,0
DA:78,0
DA:85,0
DA:87,0
DA:89,0
DA:90,0
DA:91,0
DA:92,0
DA:94,0
DA:96,0
DA:99,0
DA:104,0
DA:108,0
DA:110,0
DA:113,0
DA:122,0
DA:124,0
DA:129,0
DA:133,0
DA:135,0
DA:137,0
DA:138,0
DA:140,0
DA:143,0
DA:150,0
DA:152,0
DA:156,0
DA:159,0
DA:161,0
DA:163,0
DA:164,0
DA:166,0
DA:169,0
DA:176,0
DA:178,0
DA:179,0
DA:180,0
DA:181,0
DA:183,0
DA:185,0
DA:188,0
DA:196,0
DA:198,0
DA:200,0
DA:202,0
DA:204,0
DA:208,0
DA:210,0
DA:213,0
LF:76
LH:0
BRDA:29,0,0,0
BRDA:29,0,1,0
BRDA:50,1,0,0
BRDA:50,1,1,0
BRDA:90,2,0,0
BRDA:90,2,1,0
BRDA:137,3,0,0
BRDA:137,3,1,0
BRDA:163,4,0,0
BRDA:163,4,1,0
BRDA:200,5,0,0
BRDA:200,5,1,0
BRF:12
BRH:0
end_of_record
TN:
SF:src/db/model.js
FN:6,(anonymous_0)
FN:8,(anonymous_1)
FN:15,(anonymous_2)
FN:21,(anonymous_3)
FN:28,(anonymous_4)
FN:30,(anonymous_5)
FN:37,(anonymous_6)
FN:43,(anonymous_7)
FN:50,(anonymous_8)
FN:52,(anonymous_9)
FN:59,(anonymous_10)
FN:62,(anonymous_11)
FN:69,(anonymous_12)
FN:71,(anonymous_13)
FN:81,(anonymous_14)
FN:84,(anonymous_15)
FN:90,(anonymous_16)
FN:92,(anonymous_17)
FN:106,(anonymous_18)
FN:109,(anonymous_19)
FNF:20
FNH:0
FNDA:0,(anonymous_0)
FNDA:0,(anonymous_1)
FNDA:0,(anonymous_2)
FNDA:0,(anonymous_3)
FNDA:0,(anonymous_4)
FNDA:0,(anonymous_5)
FNDA:0,(anonymous_6)
FNDA:0,(anonymous_7)
FNDA:0,(anonymous_8)
FNDA:0,(anonymous_9)
FNDA:0,(anonymous_10)
FNDA:0,(anonymous_11)
FNDA:0,(anonymous_12)
FNDA:0,(anonymous_13)
FNDA:0,(anonymous_14)
FNDA:0,(anonymous_15)
FNDA:0,(anonymous_16)
FNDA:0,(anonymous_17)
FNDA:0,(anonymous_18)
FNDA:0,(anonymous_19)
DA:1,0
DA:2,0
DA:4,0
DA:8,0
DA:10,0
DA:11,0
DA:12,0
DA:14,0
DA:16,0
DA:17,0
DA:19,0
DA:22,0
DA:23,0
DA:30,0
DA:32,0
DA:33,0
DA:34,0
DA:36,0
DA:38,0
DA:39,0
DA:41,0
DA:44,0
DA:45,0
DA:52,0
DA:54,0
DA:55,0
DA:56,0
DA:58,0
DA:60,0
DA:63,0
DA:64,0
DA:71,0
DA:72,0
DA:80,0
DA:82,0
DA:85,0
DA:92,0
DA:93,0
DA:101,0
DA:105,0
DA:107,0
DA:110,0
LF:42
LH:0
BRDA:16,0,0,0
BRDA:16,0,1,0
BRDA:38,1,0,0
BRDA:38,1,1,0
BRF:4
BRH:0
end_of_record
TN:
SF:src/db/project.js
FN:7,(anonymous_0)
FN:9,(anonymous_1)
FN:16,(anonymous_2)
FN:22,(anonymous_3)
FN:28,(anonymous_4)
FN:30,(anonymous_5)
FN:37,(anonymous_6)
FN:43,(anonymous_7)
FN:49,(anonymous_8)
FN:51,(anonymous_9)
FN:58,(anonymous_10)
FN:61,(anonymous_11)
FN:67,(anonymous_12)
FN:69,(anonymous_13)
FN:79,(anonymous_14)
FN:82,(anonymous_15)
FN:88,(anonymous_16)
FN:90,(anonymous_17)
FN:97,(anonymous_18)
FN:103,(anonymous_19)
FN:109,(anonymous_20)
FN:111,(anonymous_21)
FN:124,(anonymous_22)
FN:127,(anonymous_23)
FNF:24
FNH:0
FNDA:0,(anonymous_0)
FNDA:0,(anonymous_1)
FNDA:0,(anonymous_2)
FNDA:0,(anonymous_3)
FNDA:0,(anonymous_4)
FNDA:0,(anonymous_5)
FNDA:0,(anonymous_6)
FNDA:0,(anonymous_7)
FNDA:0,(anonymous_8)
FNDA:0,(anonymous_9)
FNDA:0,(anonymous_10)
FNDA:0,(anonymous_11)
FNDA:0,(anonymous_12)
FNDA:0,(anonymous_13)
FNDA:0,(anonymous_14)
FNDA:0,(anonymous_15)
FNDA:0,(anonymous_16)
FNDA:0,(anonymous_17)
FNDA:0,(anonymous_18)
FNDA:0,(anonymous_19)
FNDA:0,(anonymous_20)
FNDA:0,(anonymous_21)
FNDA:0,(anonymous_22)
FNDA:0,(anonymous_23)
DA:1,0
DA:2,0
DA:5,0
DA:9,0
DA:11,0
DA:12,0
DA:13,0
DA:15,0
DA:17,0
DA:18,0
DA:20,0
DA:23,0
DA:30,0
DA:32,0
DA:33,0
DA:34,0
DA:36,0
DA:38,0
DA:39,0
DA:41,0
DA:44,0
DA:51,0
DA:53,0
DA:54,0
DA:55,0
DA:57,0
DA:59,0
DA:62,0
DA:69,0
DA:70,0
DA:78,0
DA:80,0
DA:83,0
DA:90,0
DA:92,0
DA:93,0
DA:94,0
DA:96,0
DA:98,0
DA:99,0
DA:101,0
DA:104,0
DA:111,0
DA:112,0
DA:117,0
DA:121,0
DA:123,0
DA:125,0
DA:128,0
LF:49
LH:0
BRDA:17,0,0,0
BRDA:17,0,1,0
BRDA:38,1,0,0
BRDA:38,1,1,0
BRDA:98,2,0,0
BRDA:98,2,1,0
BRF:6
BRH:0
end_of_record
TN:
SF:src/db/sensor.js
FN:7,(anonymous_0)
FN:9,(anonymous_1)
FN:16,(anonymous_2)
FN:22,(anonymous_3)
FN:29,(anonymous_4)
FN:31,(anonymous_5)
FN:38,(anonymous_6)
FN:44,(anonymous_7)
FN:51,(anonymous_8)
FN:53,(anonymous_9)
FN:60,(anonymous_10)
FN:66,(anonymous_11)
FN:73,(anonymous_12)
FN:75,(anonymous_13)
FN:82,(anonymous_14)
FN:85,(anonymous_15)
FN:92,(anonymous_16)
FN:94,(anonymous_17)
FN:104,(anonymous_18)
FN:107,(anonymous_19)
FNF:20
FNH:0
FNDA:0,(anonymous_0)
FNDA:0,(anonymous_1)
FNDA:0,(anonymous_2)
FNDA:0,(anonymous_3)
FNDA:0,(anonymous_4)
FNDA:0,(anonymous_5)
FNDA:0,(anonymous_6)
FNDA:0,(anonymous_7)
FNDA:0,(anonymous_8)
FNDA:0,(anonymous_9)
FNDA:0,(anonymous_10)
FNDA:0,(anonymous_11)
FNDA:0,(anonymous_12)
FNDA:0,(anonymous_13)
FNDA:0,(anonymous_14)
FNDA:0,(anonymous_15)
FNDA:0,(anonymous_16)
FNDA:0,(anonymous_17)
FNDA:0,(anonymous_18)
FNDA:0,(anonymous_19)
DA:1,0
DA:2,0
DA:3,0
DA:5,0
DA:9,0
DA:11,0
DA:12,0
DA:13,0
DA:15,0
DA:17,0
DA:18,0
DA:20,0
DA:23,0
DA:24,0
DA:31,0
DA:33,0
DA:34,0
DA:35,0
DA:37,0
DA:39,0
DA:40,0
DA:42,0
DA:45,0
DA:46,0
DA:53,0
DA:55,0
DA:56,0
DA:57,0
DA:59,0
DA:61,0
DA:62,0
DA:64,0
DA:67,0
DA:68,0
DA:75,0
DA:77,0
DA:78,0
DA:79,0
DA:81,0
DA:83,0
DA:86,0
DA:87,0
DA:94,0
DA:95,0
DA:103,0
DA:105,0
DA:108,0
LF:47
LH:0
BRDA:17,0,0,0
BRDA:17,0,1,0
BRDA:39,1,0,0
BRDA:39,1,1,0
BRDA:61,2,0,0
BRDA:61,2,1,0
BRF:6
BRH:0
end_of_record
TN:
SF:src/device/device.js
FN:9,(anonymous_0)
FN:11,(anonymous_1)
FN:12,(anonymous_2)
FN:15,(anonymous_3)
FN:35,(anonymous_4)
FN:74,(anonymous_5)
FN:77,(anonymous_6)
FN:175,(anonymous_7)
FN:181,(anonymous_8)
FN:199,(anonymous_9)
FN:220,(anonymous_10)
FN:256,(anonymous_11)
FN:276,(anonymous_12)
FN:311,(anonymous_13)
FN:387,(anonymous_14)
FN:394,(anonymous_15)
FN:449,(anonymous_16)
FN:454,(anonymous_17)
FN:466,(anonymous_18)
FNF:19
FNH:15
FNDA:1,(anonymous_0)
FNDA:1,(anonymous_1)
FNDA:1,(anonymous_2)
FNDA:2,(anonymous_3)
FNDA:8,(anonymous_4)
FNDA:0,(anonymous_5)
FNDA:0,(anonymous_6)
FNDA:0,(anonymous_7)
FNDA:1,(anonymous_8)
FNDA:4,(anonymous_9)
FNDA:6,(anonymous_10)
FNDA:2,(anonymous_11)
FNDA:4,(anonymous_12)
FNDA:2,(anonymous_13)
FNDA:1,(anonymous_14)
FNDA:1,(anonymous_15)
FNDA:0,(anonymous_16)
FNDA:3,(anonymous_17)
FNDA:1,(anonymous_18)
DA:1,1
DA:3,1
DA:4,1
DA:5,1
DA:7,1
DA:11,1
DA:12,1
DA:13,1
DA:15,1
DA:16,2
DA:17,2
DA:20,2
DA:21,2
DA:22,2
DA:23,2
DA:24,2
DA:26,2
DA:27,1
DA:37,8
DA:41,8
DA:42,8
DA:43,1
DA:45,7
DA:46,7
DA:48,7
DA:49,1
DA:51,6
DA:54,6
DA:55,6
DA:56,6
DA:57,0
DA:59,6
DA:60,6
DA:63,6
DA:65,6
DA:68,6
DA:69,0
DA:73,0
DA:75,0
DA:81,6
DA:82,0
DA:83,0
DA:86,6
DA:88,1
DA:89,1
DA:90,1
DA:92,1
DA:94,1
DA:95,1
DA:96,1
DA:97,1
DA:98,1
DA:100,1
DA:102,0
DA:103,0
DA:104,0
DA:106,0
DA:108,1
DA:109,1
DA:110,1
DA:111,1
DA:113,1
DA:115,1
DA:116,1
DA:117,1
DA:118,1
DA:120,1
DA:122,0
DA:123,0
DA:127,2
DA:130,6
DA:132,1
DA:133,1
DA:134,1
DA:135,5
DA:137,0
DA:138,0
DA:139,0
DA:140,5
DA:141,1
DA:142,1
DA:144,1
DA:145,1
DA:146,1
DA:147,1
DA:149,0
DA:151,0
DA:153,0
DA:154,0
DA:155,0
DA:156,0
DA:158,0
DA:161,4
DA:162,0
DA:163,0
DA:164,0
DA:165,0
DA:167,0
DA:168,0
DA:169,0
DA:170,0
DA:174,6
DA:175,0
DA:183,1
DA:186,1
DA:187,3
DA:188,3
DA:189,3
DA:190,2
DA:191,2
DA:192,2
DA:193,2
DA:194,2
DA:201,4
DA:203,4
DA:205,4
DA:206,0
DA:207,0
DA:211,4
DA:213,4
DA:214,0
DA:217,4
DA:220,4
DA:221,6
DA:226,6
DA:228,6
DA:232,4
DA:233,4
DA:234,4
DA:236,1
DA:237,1
DA:241,3
DA:242,3
DA:244,0
DA:245,0
DA:248,3
DA:250,3
DA:252,0
DA:258,2
DA:260,2
DA:262,2
DA:263,0
DA:264,0
DA:267,2
DA:269,2
DA:270,0
DA:273,2
DA:276,2
DA:277,4
DA:282,4
DA:284,4
DA:288,2
DA:289,2
DA:290,2
DA:294,2
DA:296,2
DA:297,1
DA:301,0
DA:304,2
DA:305,2
DA:307,0
DA:313,2
DA:315,2
DA:317,2
DA:318,2
DA:319,0
DA:321,2
DA:322,2
DA:323,2
DA:324,2
DA:325,2
DA:327,2
DA:329,2
DA:330,0
DA:332,2
DA:334,2
DA:335,1
DA:338,1
DA:340,1
DA:341,1
DA:350,0
DA:351,0
DA:361,1
DA:362,1
DA:364,1
DA:366,1
DA:367,1
DA:368,1
DA:369,1
DA:371,0
DA:376,0
DA:381,0
DA:382,0
DA:389,1
DA:391,1
DA:392,1
DA:393,1
DA:394,1
DA:396,1
DA:397,1
DA:398,1
DA:399,1
DA:400,1
DA:401,1
DA:402,1
DA:403,1
DA:404,0
DA:408,0
DA:409,0
DA:411,0
DA:412,0
DA:413,0
DA:414,0
DA:415,0
DA:417,0
DA:420,1
DA:421,1
DA:423,1
DA:424,1
DA:425,1
DA:427,1
DA:431,1
DA:433,1
DA:442,1
DA:448,1
DA:449,0
DA:455,3
DA:459,3
DA:460,3
DA:463,3
DA:467,1
DA:470,1
LF:232
LH:172
BRDA:23,0,0,2
BRDA:23,0,1,0
BRDA:26,1,0,1
BRDA:26,1,1,1
BRDA:42,2,0,1
BRDA:42,2,1,7
BRDA:48,3,0,1
BRDA:48,3,1,6
BRDA:56,4,0,0
BRDA:56,4,1,6
BRDA:63,5,0,6
BRDA:63,5,1,0
BRDA:63,6,0,6
BRDA:63,6,1,6
BRDA:68,7,0,0
BRDA:68,7,1,6
BRDA:81,8,0,0
BRDA:81,8,1,6
BRDA:81,9,0,6
BRDA:81,9,1,6
BRDA:86,10,0,1
BRDA:86,10,1,1
BRDA:86,10,2,0
BRDA:86,10,3,1
BRDA:86,10,4,1
BRDA:86,10,5,0
BRDA:86,10,6,2
BRDA:88,11,0,1
BRDA:88,11,1,0
BRDA:88,12,0,1
BRDA:88,12,1,0
BRDA:96,13,0,1
BRDA:96,13,1,0
BRDA:96,14,0,1
BRDA:96,14,1,1
BRDA:102,15,0,0
BRDA:102,15,1,0
BRDA:102,16,0,0
BRDA:102,16,1,0
BRDA:108,17,0,1
BRDA:108,17,1,0
BRDA:108,18,0,1
BRDA:108,18,1,1
BRDA:115,19,0,1
BRDA:115,19,1,0
BRDA:115,20,0,1
BRDA:115,20,1,1
BRDA:130,21,0,1
BRDA:130,21,1,5
BRDA:130,22,0,6
BRDA:130,22,1,1
BRDA:130,22,2,1
BRDA:135,23,0,0
BRDA:135,23,1,5
BRDA:135,24,0,5
BRDA:135,24,1,0
BRDA:135,24,2,0
BRDA:140,25,0,1
BRDA:140,25,1,4
BRDA:144,26,0,1
BRDA:144,26,1,0
BRDA:144,27,0,1
BRDA:144,27,1,1
BRDA:151,28,0,0
BRDA:151,28,1,0
BRDA:151,29,0,0
BRDA:151,29,1,0
BRDA:161,30,0,0
BRDA:161,30,1,4
BRDA:164,31,0,0
BRDA:164,31,1,0
BRDA:169,32,0,0
BRDA:169,32,1,0
BRDA:174,33,0,0
BRDA:174,33,1,6
BRDA:189,34,0,2
BRDA:189,34,1,1
BRDA:205,35,0,0
BRDA:205,35,1,4
BRDA:205,36,0,4
BRDA:205,36,1,4
BRDA:213,37,0,0
BRDA:213,37,1,4
BRDA:213,38,0,4
BRDA:213,38,1,4
BRDA:221,39,0,6
BRDA:221,39,1,0
BRDA:222,40,0,6
BRDA:222,40,1,0
BRDA:222,40,2,0
BRDA:222,40,3,0
BRDA:241,41,0,3
BRDA:241,41,1,0
BRDA:241,42,0,3
BRDA:241,42,1,3
BRDA:241,42,2,3
BRDA:262,43,0,0
BRDA:262,43,1,2
BRDA:269,44,0,0
BRDA:269,44,1,2
BRDA:269,45,0,2
BRDA:269,45,1,2
BRDA:277,46,0,4
BRDA:277,46,1,0
BRDA:278,47,0,4
BRDA:278,47,1,0
BRDA:278,47,2,0
BRDA:278,47,3,0
BRDA:294,48,0,2
BRDA:294,48,1,0
BRDA:294,49,0,2
BRDA:294,49,1,2
BRDA:294,49,2,2
BRDA:311,50,0,0
BRDA:318,51,0,0
BRDA:318,51,1,2
BRDA:329,52,0,0
BRDA:329,52,1,2
BRDA:334,53,0,1
BRDA:334,53,1,1
BRDA:340,54,0,1
BRDA:340,54,1,0
BRDA:350,55,0,0
BRDA:350,55,1,0
BRDA:350,56,0,0
BRDA:350,56,1,0
BRDA:361,57,0,1
BRDA:361,57,1,0
BRDA:366,58,0,1
BRDA:366,58,1,0
BRDA:387,59,0,0
BRDA:397,60,0,1
BRDA:397,60,1,0
BRDA:403,61,0,0
BRDA:403,61,1,1
BRDA:409,62,0,0
BRDA:409,62,1,0
BRDA:412,63,0,0
BRDA:412,63,1,0
BRDA:414,64,0,0
BRDA:414,64,1,0
BRDA:448,65,0,0
BRDA:448,65,1,1
BRF:143
BRH:79
end_of_record
